TN:
SF:src/config.js
FN:28,loadConfig
FN:36,(anonymous_1)
FNF:2
FNH:2
FNDA:1,loadConfig
FNDA:1,(anonymous_1)
DA:29,1
DA:30,1
DA:31,1
DA:32,1
DA:34,1
DA:36,1
DA:39,1
DA:40,1
DA:41,1
DA:43,1
DA:44,1
DA:47,1
DA:48,1
DA:50,1
DA:71,1
LF:15
LH:15
BRDA:29,0,0,1
BRDA:29,0,1,1
BRDA:30,1,0,1
BRDA:30,1,1,1
BRDA:31,2,0,1
BRDA:31,2,1,1
BRDA:32,3,0,1
BRDA:32,3,1,1
BRDA:34,4,0,1
BRDA:34,4,1,1
BRDA:39,5,0,0
BRDA:39,5,1,1
BRDA:39,6,0,1
BRDA:39,6,1,1
BRDA:40,7,0,1
BRDA:40,7,1,1
BRDA:41,8,0,1
BRDA:41,8,1,1
BRDA:43,9,0,1
BRDA:43,9,1,1
BRDA:44,10,0,1
BRDA:44,10,1,1
BRDA:47,11,0,1
BRDA:47,11,1,0
BRDA:48,12,0,1
BRDA:48,12,1,1
BRF:26
BRH:24
end_of_record
